# JRE version: OpenJDK Runtime Environment (14.0.2+12) (build 14.0.2+12-46)
# Java VM: OpenJDK 64-Bit Server VM (14.0.2+12-46, mixed mode, tiered, compressed oops, g1 gc, windows-amd64)
Heap:
 garbage-first heap   total 51200K, used 40908K [0x00000000c0c00000, 0x0000000100000000)
  region size 1024K, 26 young (26624K), 3 survivors (3072K)
 Metaspace       used 45742K, capacity 46873K, committed 47152K, reserved 1091584K
  class space    used 5552K, capacity 5990K, committed 6016K, reserved 1048576K
GC Heap History (20 events):
Event: 3.478 GC heap after
{Heap after GC invocations=11 (full 0):
 garbage-first heap   total 34816K, used 9958K [0x00000000c0c00000, 0x0000000100000000)
  region size 1024K, 2 young (2048K), 2 survivors (2048K)
 Metaspace       used 24413K, capacity 24937K, committed 25136K, reserved 1071104K
  class space    used 2718K, capacity 2940K, committed 2944K, reserved 1048576K
}
Event: 3.998 GC heap before
{Heap before GC invocations=11 (full 0):
 garbage-first heap   total 34816K, used 27366K [0x00000000c0c00000, 0x0000000100000000)
  region size 1024K, 19 young (19456K), 2 survivors (2048K)
 Metaspace       used 25402K, capacity 26054K, committed 26288K, reserved 1073152K
  class space    used 2828K, capacity 3069K, committed 3072K, reserved 1048576K
}
Event: 4.005 GC heap after
{Heap after GC invocations=12 (full 0):
 garbage-first heap   total 41984K, used 10535K [0x00000000c0c00000, 0x0000000100000000)
  region size 1024K, 2 young (2048K), 2 survivors (2048K)
 Metaspace       used 25402K, capacity 26054K, committed 26288K, reserved 1073152K
  class space    used 2828K, capacity 3069K, committed 3072K, reserved 1048576K
}
Event: 4.894 GC heap before
{Heap before GC invocations=12 (full 0):
 garbage-first heap   total 41984K, used 33063K [0x00000000c0c00000, 0x0000000100000000)
  region size 1024K, 24 young (24576K), 2 survivors (2048K)
 Metaspace       used 27671K, capacity 28375K, committed 28464K, reserved 1075200K
  class space    used 3120K, capacity 3369K, committed 3456K, reserved 1048576K
}
Event: 4.901 GC heap after
{Heap after GC invocations=13 (full 0):
 garbage-first heap   total 41984K, used 11200K [0x00000000c0c00000, 0x0000000100000000)
  region size 1024K, 2 young (2048K), 2 survivors (2048K)
 Metaspace       used 27671K, capacity 28375K, committed 28464K, reserved 1075200K
  class space    used 3120K, capacity 3369K, committed 3456K, reserved 1048576K
}
Event: 5.607 GC heap before
{Heap before GC invocations=13 (full 0):
 garbage-first heap   total 41984K, used 33728K [0x00000000c0c00000, 0x0000000100000000)
  region size 1024K, 24 young (24576K), 2 survivors (2048K)
 Metaspace       used 30034K, capacity 30750K, committed 30768K, reserved 1077248K
  class space    used 3435K, capacity 3708K, committed 3712K, reserved 1048576K
}
Event: 5.617 GC heap after
{Heap after GC invocations=14 (full 0):
 garbage-first heap   total 41984K, used 12673K [0x00000000c0c00000, 0x0000000100000000)
  region size 1024K, 3 young (3072K), 3 survivors (3072K)
 Metaspace       used 30034K, capacity 30750K, committed 30768K, reserved 1077248K
  class space    used 3435K, capacity 3708K, committed 3712K, reserved 1048576K
}
Event: 6.462 GC heap before
{Heap before GC invocations=14 (full 0):
 garbage-first heap   total 41984K, used 32129K [0x00000000c0c00000, 0x0000000100000000)
  region size 1024K, 22 young (22528K), 3 survivors (3072K)
 Metaspace       used 33234K, capacity 34111K, committed 34352K, reserved 1079296K
  class space    used 3858K, capacity 4181K, committed 4224K, reserved 1048576K
}
Event: 6.473 GC heap after
{Heap after GC invocations=15 (full 0):
 garbage-first heap   total 41984K, used 14268K [0x00000000c0c00000, 0x0000000100000000)
  region size 1024K, 3 young (3072K), 3 survivors (3072K)
 Metaspace       used 33234K, capacity 34111K, committed 34352K, reserved 1079296K
  class space    used 3858K, capacity 4181K, committed 4224K, reserved 1048576K
}
Event: 6.662 GC heap before
{Heap before GC invocations=15 (full 0):
 garbage-first heap   total 41984K, used 31676K [0x00000000c0c00000, 0x0000000100000000)
  region size 1024K, 21 young (21504K), 3 survivors (3072K)
 Metaspace       used 34548K, capacity 35487K, committed 35632K, reserved 1081344K
  class space    used 3986K, capacity 4383K, committed 4480K, reserved 1048576K
}
Event: 6.672 GC heap after
{Heap after GC invocations=16 (full 0):
 garbage-first heap   total 51200K, used 15155K [0x00000000c0c00000, 0x0000000100000000)
  region size 1024K, 1 young (1024K), 1 survivors (1024K)
 Metaspace       used 34548K, capacity 35487K, committed 35632K, reserved 1081344K
  class space    used 3986K, capacity 4383K, committed 4480K, reserved 1048576K
}
Event: 6.686 GC heap before
{Heap before GC invocations=16 (full 0):
 garbage-first heap   total 51200K, used 39731K [0x00000000c0c00000, 0x0000000100000000)
  region size 1024K, 26 young (26624K), 1 survivors (1024K)
 Metaspace       used 34549K, capacity 35487K, committed 35632K, reserved 1081344K
  class space    used 3986K, capacity 4383K, committed 4480K, reserved 1048576K
}
Event: 6.688 GC heap after
{Heap after GC invocations=17 (full 0):
 garbage-first heap   total 51200K, used 14857K [0x00000000c0c00000, 0x0000000100000000)
  region size 1024K, 1 young (1024K), 1 survivors (1024K)
 Metaspace       used 34549K, capacity 35487K, committed 35632K, reserved 1081344K
  class space    used 3986K, capacity 4383K, committed 4480K, reserved 1048576K
}
Event: 6.759 GC heap before
{Heap before GC invocations=17 (full 0):
 garbage-first heap   total 51200K, used 19977K [0x00000000c0c00000, 0x0000000100000000)
  region size 1024K, 7 young (7168K), 1 survivors (1024K)
 Metaspace       used 34851K, capacity 35749K, committed 35888K, reserved 1081344K
  class space    used 4016K, capacity 4385K, committed 4480K, reserved 1048576K
}
Event: 6.762 GC heap after
{Heap after GC invocations=18 (full 0):
 garbage-first heap   total 51200K, used 14883K [0x00000000c0c00000, 0x0000000100000000)
  region size 1024K, 1 young (1024K), 1 survivors (1024K)
 Metaspace       used 34851K, capacity 35749K, committed 35888K, reserved 1081344K
  class space    used 4016K, capacity 4385K, committed 4480K, reserved 1048576K
}
Event: 7.984 GC heap before
{Heap before GC invocations=19 (full 0):
 garbage-first heap   total 51200K, used 40483K [0x00000000c0c00000, 0x0000000100000000)
  region size 1024K, 27 young (27648K), 1 survivors (1024K)
 Metaspace       used 38298K, capacity 39292K, committed 39344K, reserved 1083392K
  class space    used 4468K, capacity 4858K, committed 4864K, reserved 1048576K
}
Event: 7.990 GC heap after
{Heap after GC invocations=20 (full 0):
 garbage-first heap   total 51200K, used 15949K [0x00000000c0c00000, 0x0000000100000000)
  region size 1024K, 2 young (2048K), 2 survivors (2048K)
 Metaspace       used 38298K, capacity 39292K, committed 39344K, reserved 1083392K
  class space    used 4468K, capacity 4858K, committed 4864K, reserved 1048576K
}
Event: 9.595 GC heap before
{Heap before GC invocations=20 (full 0):
 garbage-first heap   total 51200K, used 41549K [0x00000000c0c00000, 0x0000000100000000)
  region size 1024K, 27 young (27648K), 2 survivors (2048K)
 Metaspace       used 42044K, capacity 43066K, committed 43184K, reserved 1087488K
  class space    used 5124K, capacity 5532K, committed 5632K, reserved 1048576K
}
Event: 9.604 GC heap after
{Heap after GC invocations=21 (full 0):
 garbage-first heap   total 51200K, used 17356K [0x00000000c0c00000, 0x0000000100000000)
  region size 1024K, 4 young (4096K), 4 survivors (4096K)
 Metaspace       used 42044K, capacity 43066K, committed 43184K, reserved 1087488K
  class space    used 5124K, capacity 5532K, committed 5632K, reserved 1048576K
}
Event: 12.245 GC heap before
{Heap before GC invocations=21 (full 0):
 garbage-first heap   total 51200K, used 39884K [0x00000000c0c00000, 0x0000000100000000)
  region size 1024K, 27 young (27648K), 4 survivors (4096K)
 Metaspace       used 45742K, capacity 46873K, committed 47152K, reserved 1091584K
  class space    used 5552K, capacity 5990K, committed 6016K, reserved 1048576K
}

